{"/home/andrehorman/DEV/INSTRUÇÃO/FRONTEND/SEÇÃO-01/lol-app/src/tests/mocks/data.js": {"path":"/home/andrehorman/DEV/INSTRUÇÃO/FRONTEND/SEÇÃO-01/lol-app/src/tests/mocks/data.js","statementMap":{"0":{"start":{"line":1,"column":13},"end":{"line":7783,"column":1}},"1":{"start":{"line":7785,"column":0},"end":{"line":7785,"column":22}}},"fnMap":{},"branchMap":{},"s":{"0":1,"1":1},"f":{},"b":{},"_coverageSchema":"1a1c01bbd47fc00a2c39e90264f33305004495a9","hash":"2ddda8b977d488c61de022c351e0da25fcfd7c01"}
,"/home/andrehorman/DEV/INSTRUÇÃO/FRONTEND/SEÇÃO-01/lol-app/src/tests/mocks/fetchMock.js": {"path":"/home/andrehorman/DEV/INSTRUÇÃO/FRONTEND/SEÇÃO-01/lol-app/src/tests/mocks/fetchMock.js","statementMap":{"0":{"start":{"line":1,"column":13},"end":{"line":1,"column":30}},"1":{"start":{"line":3,"column":22},"end":{"line":3,"column":25}},"2":{"start":{"line":4,"column":17},"end":{"line":4,"column":90}},"3":{"start":{"line":6,"column":18},"end":{"line":16,"column":1}},"4":{"start":{"line":7,"column":2},"end":{"line":9,"column":3}},"5":{"start":{"line":8,"column":4},"end":{"line":8,"column":71}},"6":{"start":{"line":11,"column":2},"end":{"line":15,"column":5}},"7":{"start":{"line":12,"column":16},"end":{"line":14,"column":6}},"8":{"start":{"line":13,"column":6},"end":{"line":13,"column":53}},"9":{"start":{"line":13,"column":23},"end":{"line":13,"column":36}},"10":{"start":{"line":18,"column":0},"end":{"line":18,"column":34}},"11":{"start":{"line":19,"column":0},"end":{"line":19,"column":30}},"12":{"start":{"line":21,"column":0},"end":{"line":21,"column":27}}},"fnMap":{"0":{"name":"(anonymous_0)","decl":{"start":{"line":6,"column":18},"end":{"line":6,"column":19}},"loc":{"start":{"line":6,"column":27},"end":{"line":16,"column":1}},"line":6},"1":{"name":"(anonymous_1)","decl":{"start":{"line":12,"column":10},"end":{"line":12,"column":11}},"loc":{"start":{"line":12,"column":16},"end":{"line":14,"column":6}},"line":12},"2":{"name":"(anonymous_2)","decl":{"start":{"line":12,"column":28},"end":{"line":12,"column":29}},"loc":{"start":{"line":12,"column":41},"end":{"line":14,"column":5}},"line":12},"3":{"name":"(anonymous_3)","decl":{"start":{"line":13,"column":17},"end":{"line":13,"column":18}},"loc":{"start":{"line":13,"column":23},"end":{"line":13,"column":36}},"line":13}},"branchMap":{"0":{"loc":{"start":{"line":7,"column":2},"end":{"line":9,"column":3}},"type":"if","locations":[{"start":{"line":7,"column":2},"end":{"line":9,"column":3}},{"start":{},"end":{}}],"line":7}},"s":{"0":1,"1":1,"2":1,"3":1,"4":0,"5":0,"6":0,"7":0,"8":0,"9":0,"10":1,"11":1,"12":1},"f":{"0":0,"1":0,"2":0,"3":0},"b":{"0":[0,0]},"_coverageSchema":"1a1c01bbd47fc00a2c39e90264f33305004495a9","hash":"d7eb4536815f0db97c9f022aed56d05a654f8fb4"}
}
